<?xml version="1.0" encoding="UTF-8"?>
<!-- Generated by org.testng.reporters.JUnitReportReporter -->
<testsuite hostname="LTIN192431" failures="0" tests="3" name="testng.FirstTest" time="29.160" errors="0" timestamp="2023-12-25T19:58:05 IST" skipped="0">
  <testcase classname="testng.FirstTest" name="openapp" time="25.135"/>
  <testcase classname="testng.FirstTest" name="loginapp" time="2.572"/>
  <testcase classname="testng.FirstTest" name="closeapp" time="1.453"/>
</testsuite> <!-- testng.FirstTest -->
